<?xml version="1.0" encoding="UTF-8"?>
<testng-results ignored="0" total="1" passed="0" failed="1" skipped="0">
  <reporter-output>
  </reporter-output>
  <suite started-at="2022-12-08T08:43:38 GMT" name="Assignment" finished-at="2022-12-08T08:45:11 GMT" duration-ms="92611">
    <groups>
      <group name="Sanity">
        <method signature="CreateANewUser.RegisterNewUser(java.lang.reflect.Method)[pri:0, instance:com.assignment.Backend.CreateANewUser@74287ea3]" name="RegisterNewUser" class="com.assignment.Backend.CreateANewUser"/>
      </group> <!-- Sanity -->
      <group name="Regression">
        <method signature="CreateANewUser.RegisterNewUser(java.lang.reflect.Method)[pri:0, instance:com.assignment.Backend.CreateANewUser@74287ea3]" name="RegisterNewUser" class="com.assignment.Backend.CreateANewUser"/>
      </group> <!-- Regression -->
    </groups>
    <test started-at="2022-12-08T08:43:38 GMT" name="Backend" finished-at="2022-12-08T08:45:11 GMT" duration-ms="92611">
      <class name="com.assignment.Backend.CreateANewUser">
        <test-method is-config="true" signature="testInit(java.lang.String)[pri:0, instance:com.assignment.Backend.CreateANewUser@74287ea3]" started-at="2022-12-08T08:43:39 GMT" name="testInit" finished-at="2022-12-08T08:43:39 GMT" duration-ms="13" status="PASS">
          <params>
            <param index="0">
              <value>
                <![CDATA[QA]]>
              </value>
            </param>
          </params>
          <reporter-output>
          </reporter-output>
        </test-method> <!-- testInit -->
        <test-method is-config="true" signature="beforeMethod(java.lang.reflect.Method)[pri:0, instance:com.assignment.Backend.CreateANewUser@74287ea3]" started-at="2022-12-08T08:43:39 GMT" name="beforeMethod" finished-at="2022-12-08T08:43:42 GMT" duration-ms="3157" status="PASS">
          <params>
            <param index="0">
              <value>
                <![CDATA[public void com.assignment.Backend.CreateANewUser.RegisterNewUser(java.lang.reflect.Method) throws java.io.IOException,org.json.simple.parser.ParseException]]>
              </value>
            </param>
          </params>
          <reporter-output>
          </reporter-output>
        </test-method> <!-- beforeMethod -->
        <test-method signature="RegisterNewUser(java.lang.reflect.Method)[pri:0, instance:com.assignment.Backend.CreateANewUser@74287ea3]" started-at="2022-12-08T08:43:42 GMT" name="RegisterNewUser" finished-at="2022-12-08T08:45:09 GMT" duration-ms="87101" status="FAIL">
          <params>
            <param index="0">
              <value>
                <![CDATA[public void com.assignment.Backend.CreateANewUser.RegisterNewUser(java.lang.reflect.Method) throws java.io.IOException,org.json.simple.parser.ParseException]]>
              </value>
            </param>
          </params>
          <exception class="java.lang.AssertionError">
            <message>
              <![CDATA[The following asserts failed:
test case is failedTimed out after 4 seconds. Unable to locate the element expected [true] but found [false]]]>
            </message>
            <full-stacktrace>
              <![CDATA[java.lang.AssertionError: The following asserts failed:
test case is failedTimed out after 4 seconds. Unable to locate the element expected [true] but found [false]
at org.testng.asserts.SoftAssert.assertAll(SoftAssert.java:47)
at org.testng.asserts.SoftAssert.assertAll(SoftAssert.java:31)
at com.assignment.Backend.CreateANewUser.RegisterNewUser(CreateANewUser.java:77)
at java.base/jdk.internal.reflect.NativeMethodAccessorImpl.invoke0(Native Method)
at java.base/jdk.internal.reflect.NativeMethodAccessorImpl.invoke(NativeMethodAccessorImpl.java:64)
at java.base/jdk.internal.reflect.DelegatingMethodAccessorImpl.invoke(DelegatingMethodAccessorImpl.java:43)
at java.base/java.lang.reflect.Method.invoke(Method.java:564)
at org.testng.internal.MethodInvocationHelper.invokeMethod(MethodInvocationHelper.java:133)
at org.testng.internal.TestInvoker.invokeMethod(TestInvoker.java:598)
at org.testng.internal.TestInvoker.invokeTestMethod(TestInvoker.java:173)
at org.testng.internal.MethodRunner.runInSequence(MethodRunner.java:46)
at org.testng.internal.TestInvoker$MethodInvocationAgent.invoke(TestInvoker.java:824)
at org.testng.internal.TestInvoker.invokeTestMethods(TestInvoker.java:146)
at org.testng.internal.TestMethodWorker.invokeTestMethods(TestMethodWorker.java:146)
at org.testng.internal.TestMethodWorker.run(TestMethodWorker.java:128)
at java.base/java.util.concurrent.ThreadPoolExecutor.runWorker(ThreadPoolExecutor.java:1130)
at java.base/java.util.concurrent.ThreadPoolExecutor$Worker.run(ThreadPoolExecutor.java:630)
at java.base/java.lang.Thread.run(Thread.java:832)
]]>
            </full-stacktrace>
          </exception> <!-- java.lang.AssertionError -->
          <reporter-output>
          </reporter-output>
        </test-method> <!-- RegisterNewUser -->
        <test-method is-config="true" signature="teardown()[pri:0, instance:com.assignment.Backend.CreateANewUser@74287ea3]" started-at="2022-12-08T08:45:09 GMT" name="teardown" finished-at="2022-12-08T08:45:11 GMT" duration-ms="1572" status="PASS">
          <reporter-output>
          </reporter-output>
        </test-method> <!-- teardown -->
      </class> <!-- com.assignment.Backend.CreateANewUser -->
    </test> <!-- Backend -->
  </suite> <!-- Assignment -->
</testng-results>
